2017-11-13  15:53:55.783 [main] DEBUG org.springframework.web.context.support.StandardServletEnvironment - Adding PropertySource 'servletConfigInitParams' with lowest search precedence 
2017-11-13  15:53:55.786 [main] DEBUG org.springframework.web.context.support.StandardServletEnvironment - Adding PropertySource 'servletContextInitParams' with lowest search precedence 
2017-11-13  15:53:55.786 [main] DEBUG org.springframework.web.context.support.StandardServletEnvironment - Adding PropertySource 'systemProperties' with lowest search precedence 
2017-11-13  15:53:55.786 [main] DEBUG org.springframework.web.context.support.StandardServletEnvironment - Adding PropertySource 'systemEnvironment' with lowest search precedence 
2017-11-13  15:53:55.787 [main] DEBUG org.springframework.web.context.support.StandardServletEnvironment - Initialized StandardServletEnvironment with PropertySources [StubPropertySource {name='servletConfigInitParams'}, StubPropertySource {name='servletContextInitParams'}, MapPropertySource {name='systemProperties'}, SystemEnvironmentPropertySource {name='systemEnvironment'}] 
2017-11-13  15:53:55.821 [main] INFO  com.bqjr.report.ErpReportApplication - Starting ErpReportApplication on SZXH3FITWB015 with PID 75076 (C:\Users\wei.huang02\git\report\erpReport\target\classes started by wei.huang02 in C:\Users\wei.huang02\git\report\erpReport) 
2017-11-13  15:53:55.821 [main] DEBUG com.bqjr.report.ErpReportApplication - Running with Spring Boot v1.5.7.RELEASE, Spring v4.3.11.RELEASE 
2017-11-13  15:53:55.822 [main] INFO  com.bqjr.report.ErpReportApplication - No active profile set, falling back to default profiles: default 
2017-11-13  15:53:55.866 [main] INFO  o.s.boot.context.embedded.AnnotationConfigEmbeddedWebApplicationContext - Refreshing org.springframework.boot.context.embedded.AnnotationConfigEmbeddedWebApplicationContext@3e44f2a5: startup date [Mon Nov 13 15:53:55 CST 2017]; root of context hierarchy 
2017-11-13  15:53:56.675 [main] INFO  org.springframework.data.repository.config.RepositoryConfigurationDelegate - Multiple Spring Data modules found, entering strict repository configuration mode! 
2017-11-13  15:53:56.926 [main] DEBUG org.springframework.web.context.support.StandardServletEnvironment - Adding PropertySource 'applicationConfig: [classpath:/application.properties]' with search precedence immediately lower than 'applicationConfigurationProperties' 
2017-11-13  15:53:56.926 [main] DEBUG org.springframework.web.context.support.StandardServletEnvironment - Removing PropertySource 'applicationConfigurationProperties' 
2017-11-13  15:53:56.927 [main] DEBUG org.springframework.web.context.support.StandardServletEnvironment - Removing PropertySource 'defaultProperties' 
2017-11-13  15:53:57.509 [main] INFO  org.springframework.boot.context.embedded.tomcat.TomcatEmbeddedServletContainer - Tomcat initialized with port(s): 8080 (http) 
2017-11-13  15:53:57.520 [main] INFO  org.apache.catalina.core.StandardService - Starting service [Tomcat] 
2017-11-13  15:53:57.522 [main] INFO  org.apache.catalina.core.StandardEngine - Starting Servlet Engine: Apache Tomcat/8.5.20 
2017-11-13  15:53:57.740 [localhost-startStop-1] INFO  org.apache.jasper.servlet.TldScanner - At least one JAR was scanned for TLDs yet contained no TLDs. Enable debug logging for this logger for a complete list of JARs that were scanned but no TLDs were found in them. Skipping unneeded JARs during scanning can improve startup time and JSP compilation time. 
2017-11-13  15:53:57.745 [localhost-startStop-1] INFO  org.apache.catalina.core.ContainerBase.[Tomcat].[localhost].[/] - Initializing Spring embedded WebApplicationContext 
2017-11-13  15:53:57.745 [localhost-startStop-1] DEBUG org.springframework.web.context.ContextLoader - Published root WebApplicationContext as ServletContext attribute with name [org.springframework.web.context.WebApplicationContext.ROOT] 
2017-11-13  15:53:57.745 [localhost-startStop-1] INFO  org.springframework.web.context.ContextLoader - Root WebApplicationContext: initialization completed in 1879 ms 
2017-11-13  15:53:57.885 [localhost-startStop-1] INFO  org.springframework.boot.web.servlet.ServletRegistrationBean - Mapping servlet: 'dispatcherServlet' to [/] 
2017-11-13  15:53:57.889 [localhost-startStop-1] INFO  org.springframework.boot.web.servlet.FilterRegistrationBean - Mapping filter: 'characterEncodingFilter' to: [/*] 
2017-11-13  15:53:57.889 [localhost-startStop-1] INFO  org.springframework.boot.web.servlet.FilterRegistrationBean - Mapping filter: 'hiddenHttpMethodFilter' to: [/*] 
2017-11-13  15:53:57.890 [localhost-startStop-1] INFO  org.springframework.boot.web.servlet.FilterRegistrationBean - Mapping filter: 'httpPutFormContentFilter' to: [/*] 
2017-11-13  15:53:57.890 [localhost-startStop-1] INFO  org.springframework.boot.web.servlet.FilterRegistrationBean - Mapping filter: 'requestContextFilter' to: [/*] 
2017-11-13  15:53:57.916 [main] DEBUG org.springframework.web.context.support.StandardServletEnvironment - Replacing PropertySource 'servletContextInitParams' with 'servletContextInitParams' 
2017-11-13  15:53:58.372 [main] INFO  org.quartz.impl.StdSchedulerFactory - Using default implementation for ThreadExecutor 
2017-11-13  15:53:58.389 [main] INFO  org.quartz.core.SchedulerSignalerImpl - Initialized Scheduler Signaller of type: class org.quartz.core.SchedulerSignalerImpl 
2017-11-13  15:53:58.391 [main] INFO  org.quartz.core.QuartzScheduler - Quartz Scheduler v.2.2.1 created. 
2017-11-13  15:53:58.392 [main] INFO  org.quartz.simpl.RAMJobStore - RAMJobStore initialized. 
2017-11-13  15:53:58.393 [main] INFO  org.quartz.core.QuartzScheduler - Scheduler meta-data: Quartz Scheduler (v2.2.1) 'schedulerFactoryBean' with instanceId 'NON_CLUSTERED'
  Scheduler class: 'org.quartz.core.QuartzScheduler' - running locally.
  NOT STARTED.
  Currently in standby mode.
  Number of jobs executed: 0
  Using thread pool 'org.quartz.simpl.SimpleThreadPool' - with 10 threads.
  Using job-store 'org.quartz.simpl.RAMJobStore' - which does not support persistence. and is not clustered.
 
2017-11-13  15:53:58.393 [main] INFO  org.quartz.impl.StdSchedulerFactory - Quartz scheduler 'schedulerFactoryBean' initialized from an externally provided properties instance. 
2017-11-13  15:53:58.393 [main] INFO  org.quartz.impl.StdSchedulerFactory - Quartz scheduler version: 2.2.1 
2017-11-13  15:53:58.394 [main] INFO  org.quartz.core.QuartzScheduler - JobFactory set to: org.springframework.scheduling.quartz.AdaptableJobFactory@7b25ab31 
2017-11-13  15:53:58.740 [main] INFO  o.springframework.web.servlet.mvc.method.annotation.RequestMappingHandlerAdapter - Looking for @ControllerAdvice: org.springframework.boot.context.embedded.AnnotationConfigEmbeddedWebApplicationContext@3e44f2a5: startup date [Mon Nov 13 15:53:55 CST 2017]; root of context hierarchy 
2017-11-13  15:53:58.790 [main] DEBUG o.springframework.web.servlet.mvc.method.annotation.RequestMappingHandlerMapping - Looking for request mappings in application context: org.springframework.boot.context.embedded.AnnotationConfigEmbeddedWebApplicationContext@3e44f2a5: startup date [Mon Nov 13 15:53:55 CST 2017]; root of context hierarchy 
2017-11-13  15:53:58.798 [main] DEBUG o.springframework.web.servlet.mvc.method.annotation.RequestMappingHandlerMapping - 4 request handler methods found on class com.bqjr.report.controller.InventoryWarnController: {public org.springframework.web.servlet.ModelAndView com.bqjr.report.controller.InventoryWarnController.redirect(java.lang.String,java.lang.String,java.lang.String)={[/inventoryWarn]}, public java.util.Map com.bqjr.report.controller.InventoryWarnController.getDetail(javax.servlet.http.HttpServletRequest)={[/getDetail]}, public java.lang.String com.bqjr.report.controller.InventoryWarnController.getWarehouseList(javax.servlet.http.HttpServletRequest)={[/getWarehouseList]}, public java.util.Map com.bqjr.report.controller.InventoryWarnController.getInventoryWarnList(javax.servlet.http.HttpServletRequest,com.bqjr.report.model.SearchCondition)={[/getInventoryWarnList]}} 
2017-11-13  15:53:58.798 [main] INFO  o.springframework.web.servlet.mvc.method.annotation.RequestMappingHandlerMapping - Mapped "{[/inventoryWarn]}" onto public org.springframework.web.servlet.ModelAndView com.bqjr.report.controller.InventoryWarnController.redirect(java.lang.String,java.lang.String,java.lang.String) 
2017-11-13  15:53:58.799 [main] INFO  o.springframework.web.servlet.mvc.method.annotation.RequestMappingHandlerMapping - Mapped "{[/getDetail]}" onto public java.util.Map<java.lang.String, java.lang.Object> com.bqjr.report.controller.InventoryWarnController.getDetail(javax.servlet.http.HttpServletRequest) 
2017-11-13  15:53:58.800 [main] INFO  o.springframework.web.servlet.mvc.method.annotation.RequestMappingHandlerMapping - Mapped "{[/getWarehouseList]}" onto public java.lang.String com.bqjr.report.controller.InventoryWarnController.getWarehouseList(javax.servlet.http.HttpServletRequest) 
2017-11-13  15:53:58.801 [main] INFO  o.springframework.web.servlet.mvc.method.annotation.RequestMappingHandlerMapping - Mapped "{[/getInventoryWarnList]}" onto public java.util.Map<java.lang.String, java.lang.Object> com.bqjr.report.controller.InventoryWarnController.getInventoryWarnList(javax.servlet.http.HttpServletRequest,com.bqjr.report.model.SearchCondition) 
2017-11-13  15:53:58.801 [main] DEBUG o.springframework.web.servlet.mvc.method.annotation.RequestMappingHandlerMapping - 2 request handler methods found on class com.bqjr.report.controller.OrganizationBudgetController: {public org.springframework.web.servlet.ModelAndView com.bqjr.report.controller.OrganizationBudgetController.redirect(java.lang.String,java.lang.String,java.lang.String)={[/organizationBudget]}, public java.util.Map com.bqjr.report.controller.OrganizationBudgetController.getInventoryWarnList(javax.servlet.http.HttpServletRequest,com.bqjr.report.model.SearchCondition)={[/getOrganizationBudgetList]}} 
2017-11-13  15:53:58.801 [main] INFO  o.springframework.web.servlet.mvc.method.annotation.RequestMappingHandlerMapping - Mapped "{[/organizationBudget]}" onto public org.springframework.web.servlet.ModelAndView com.bqjr.report.controller.OrganizationBudgetController.redirect(java.lang.String,java.lang.String,java.lang.String) 
2017-11-13  15:53:58.801 [main] INFO  o.springframework.web.servlet.mvc.method.annotation.RequestMappingHandlerMapping - Mapped "{[/getOrganizationBudgetList]}" onto public java.util.Map<java.lang.String, java.lang.Object> com.bqjr.report.controller.OrganizationBudgetController.getInventoryWarnList(javax.servlet.http.HttpServletRequest,com.bqjr.report.model.SearchCondition) 
2017-11-13  15:53:58.802 [main] DEBUG o.springframework.web.servlet.mvc.method.annotation.RequestMappingHandlerMapping - 2 request handler methods found on class com.bqjr.report.controller.ProxySaleController: {public org.springframework.web.servlet.ModelAndView com.bqjr.report.controller.ProxySaleController.redirect(java.lang.String,java.lang.String,java.lang.String)={[/proxySale]}, public java.util.Map com.bqjr.report.controller.ProxySaleController.getProxySale(javax.servlet.http.HttpServletRequest,com.bqjr.report.model.SearchCondition)={[/getProxySale],methods=[POST]}} 
2017-11-13  15:53:58.802 [main] INFO  o.springframework.web.servlet.mvc.method.annotation.RequestMappingHandlerMapping - Mapped "{[/proxySale]}" onto public org.springframework.web.servlet.ModelAndView com.bqjr.report.controller.ProxySaleController.redirect(java.lang.String,java.lang.String,java.lang.String) 
2017-11-13  15:53:58.802 [main] INFO  o.springframework.web.servlet.mvc.method.annotation.RequestMappingHandlerMapping - Mapped "{[/getProxySale],methods=[POST]}" onto public java.util.Map<java.lang.String, java.lang.Object> com.bqjr.report.controller.ProxySaleController.getProxySale(javax.servlet.http.HttpServletRequest,com.bqjr.report.model.SearchCondition) 
2017-11-13  15:53:58.804 [main] DEBUG o.springframework.web.servlet.mvc.method.annotation.RequestMappingHandlerMapping - 8 request handler methods found on class com.bqjr.report.controller.PurchaseCollectController: {public org.springframework.web.servlet.ModelAndView com.bqjr.report.controller.PurchaseCollectController.redirect(java.lang.String,java.lang.String,java.lang.String)={[/purcaseCollect]}, public java.lang.String com.bqjr.report.controller.PurchaseCollectController.getBrandList(javax.servlet.http.HttpServletRequest)={[/getBrandList]}, public java.lang.String com.bqjr.report.controller.PurchaseCollectController.getModelList(javax.servlet.http.HttpServletRequest)={[/getModelList]}, public java.lang.String com.bqjr.report.controller.PurchaseCollectController.getOrgList(javax.servlet.http.HttpServletRequest)={[/getOrgList]}, public java.lang.String com.bqjr.report.controller.PurchaseCollectController.getSupplierList(javax.servlet.http.HttpServletRequest)={[/getSupplierList]}, public java.lang.String com.bqjr.report.controller.PurchaseCollectController.getCatalogList(javax.servlet.http.HttpServletRequest)={[/getCatalogList]}, public java.lang.String com.bqjr.report.controller.PurchaseCollectController.getBusinessList(javax.servlet.http.HttpServletRequest)={[/getBusinessList]}, public java.util.Map com.bqjr.report.controller.PurchaseCollectController.getpurcaseCollect(javax.servlet.http.HttpServletRequest,com.bqjr.report.model.SearchCondition,java.lang.String)={[/getPurcaseCollect],methods=[POST]}} 
2017-11-13  15:53:58.805 [main] INFO  o.springframework.web.servlet.mvc.method.annotation.RequestMappingHandlerMapping - Mapped "{[/purcaseCollect]}" onto public org.springframework.web.servlet.ModelAndView com.bqjr.report.controller.PurchaseCollectController.redirect(java.lang.String,java.lang.String,java.lang.String) 
2017-11-13  15:53:58.805 [main] INFO  o.springframework.web.servlet.mvc.method.annotation.RequestMappingHandlerMapping - Mapped "{[/getBrandList]}" onto public java.lang.String com.bqjr.report.controller.PurchaseCollectController.getBrandList(javax.servlet.http.HttpServletRequest) 
2017-11-13  15:53:58.805 [main] INFO  o.springframework.web.servlet.mvc.method.annotation.RequestMappingHandlerMapping - Mapped "{[/getModelList]}" onto public java.lang.String com.bqjr.report.controller.PurchaseCollectController.getModelList(javax.servlet.http.HttpServletRequest) 
2017-11-13  15:53:58.805 [main] INFO  o.springframework.web.servlet.mvc.method.annotation.RequestMappingHandlerMapping - Mapped "{[/getOrgList]}" onto public java.lang.String com.bqjr.report.controller.PurchaseCollectController.getOrgList(javax.servlet.http.HttpServletRequest) 
2017-11-13  15:53:58.805 [main] INFO  o.springframework.web.servlet.mvc.method.annotation.RequestMappingHandlerMapping - Mapped "{[/getSupplierList]}" onto public java.lang.String com.bqjr.report.controller.PurchaseCollectController.getSupplierList(javax.servlet.http.HttpServletRequest) 
2017-11-13  15:53:58.806 [main] INFO  o.springframework.web.servlet.mvc.method.annotation.RequestMappingHandlerMapping - Mapped "{[/getCatalogList]}" onto public java.lang.String com.bqjr.report.controller.PurchaseCollectController.getCatalogList(javax.servlet.http.HttpServletRequest) 
2017-11-13  15:53:58.806 [main] INFO  o.springframework.web.servlet.mvc.method.annotation.RequestMappingHandlerMapping - Mapped "{[/getBusinessList]}" onto public java.lang.String com.bqjr.report.controller.PurchaseCollectController.getBusinessList(javax.servlet.http.HttpServletRequest) 
2017-11-13  15:53:58.806 [main] INFO  o.springframework.web.servlet.mvc.method.annotation.RequestMappingHandlerMapping - Mapped "{[/getPurcaseCollect],methods=[POST]}" onto public java.util.Map<java.lang.String, java.lang.Object> com.bqjr.report.controller.PurchaseCollectController.getpurcaseCollect(javax.servlet.http.HttpServletRequest,com.bqjr.report.model.SearchCondition,java.lang.String) 
2017-11-13  15:53:58.807 [main] DEBUG o.springframework.web.servlet.mvc.method.annotation.RequestMappingHandlerMapping - 2 request handler methods found on class com.bqjr.report.controller.SaleReturnController: {public org.springframework.web.servlet.ModelAndView com.bqjr.report.controller.SaleReturnController.redirect(java.lang.String,java.lang.String,java.lang.String)={[/saleReturn]}, public java.util.Map com.bqjr.report.controller.SaleReturnController.getSaleReturn(javax.servlet.http.HttpServletRequest,com.bqjr.report.model.SearchCondition,java.lang.String)={[/getSaleReturn],methods=[POST]}} 
2017-11-13  15:53:58.807 [main] INFO  o.springframework.web.servlet.mvc.method.annotation.RequestMappingHandlerMapping - Mapped "{[/saleReturn]}" onto public org.springframework.web.servlet.ModelAndView com.bqjr.report.controller.SaleReturnController.redirect(java.lang.String,java.lang.String,java.lang.String) 
2017-11-13  15:53:58.807 [main] INFO  o.springframework.web.servlet.mvc.method.annotation.RequestMappingHandlerMapping - Mapped "{[/getSaleReturn],methods=[POST]}" onto public java.util.Map<java.lang.String, java.lang.Object> com.bqjr.report.controller.SaleReturnController.getSaleReturn(javax.servlet.http.HttpServletRequest,com.bqjr.report.model.SearchCondition,java.lang.String) 
2017-11-13  15:53:58.807 [main] DEBUG o.springframework.web.servlet.mvc.method.annotation.RequestMappingHandlerMapping - 2 request handler methods found on class com.bqjr.report.controller.SaleTotalController: {public org.springframework.web.servlet.ModelAndView com.bqjr.report.controller.SaleTotalController.redirect(java.lang.String,java.lang.String,java.lang.String)={[/saleTotal]}, public java.util.Map com.bqjr.report.controller.SaleTotalController.getStockDayList(javax.servlet.http.HttpServletRequest,com.bqjr.report.model.SearchCondition,java.lang.String)={[/getSaleTotal],methods=[POST]}} 
2017-11-13  15:53:58.808 [main] INFO  o.springframework.web.servlet.mvc.method.annotation.RequestMappingHandlerMapping - Mapped "{[/saleTotal]}" onto public org.springframework.web.servlet.ModelAndView com.bqjr.report.controller.SaleTotalController.redirect(java.lang.String,java.lang.String,java.lang.String) 
2017-11-13  15:53:58.808 [main] INFO  o.springframework.web.servlet.mvc.method.annotation.RequestMappingHandlerMapping - Mapped "{[/getSaleTotal],methods=[POST]}" onto public java.util.Map<java.lang.String, java.lang.Object> com.bqjr.report.controller.SaleTotalController.getStockDayList(javax.servlet.http.HttpServletRequest,com.bqjr.report.model.SearchCondition,java.lang.String) 
2017-11-13  15:53:58.808 [main] DEBUG o.springframework.web.servlet.mvc.method.annotation.RequestMappingHandlerMapping - 2 request handler methods found on class com.bqjr.report.controller.StockDayController: {public org.springframework.web.servlet.ModelAndView com.bqjr.report.controller.StockDayController.redirect(java.lang.String,java.lang.String,java.lang.String)={[/stockDay]}, public java.util.Map com.bqjr.report.controller.StockDayController.getStockDayList(javax.servlet.http.HttpServletRequest,com.bqjr.report.model.SearchCondition,java.lang.String)={[/getStockDay],methods=[POST]}} 
2017-11-13  15:53:58.808 [main] INFO  o.springframework.web.servlet.mvc.method.annotation.RequestMappingHandlerMapping - Mapped "{[/stockDay]}" onto public org.springframework.web.servlet.ModelAndView com.bqjr.report.controller.StockDayController.redirect(java.lang.String,java.lang.String,java.lang.String) 
2017-11-13  15:53:58.809 [main] INFO  o.springframework.web.servlet.mvc.method.annotation.RequestMappingHandlerMapping - Mapped "{[/getStockDay],methods=[POST]}" onto public java.util.Map<java.lang.String, java.lang.Object> com.bqjr.report.controller.StockDayController.getStockDayList(javax.servlet.http.HttpServletRequest,com.bqjr.report.model.SearchCondition,java.lang.String) 
2017-11-13  15:53:58.809 [main] DEBUG o.springframework.web.servlet.mvc.method.annotation.RequestMappingHandlerMapping - 1 request handler methods found on class com.bqjr.report.controller.TestController: {public java.lang.String com.bqjr.report.controller.TestController.index()={[/insertData]}} 
2017-11-13  15:53:58.809 [main] INFO  o.springframework.web.servlet.mvc.method.annotation.RequestMappingHandlerMapping - Mapped "{[/insertData]}" onto public java.lang.String com.bqjr.report.controller.TestController.index() 
2017-11-13  15:53:58.811 [main] DEBUG o.springframework.web.servlet.mvc.method.annotation.RequestMappingHandlerMapping - 2 request handler methods found on class org.springframework.boot.autoconfigure.web.BasicErrorController: {public org.springframework.http.ResponseEntity org.springframework.boot.autoconfigure.web.BasicErrorController.error(javax.servlet.http.HttpServletRequest)={[/error]}, public org.springframework.web.servlet.ModelAndView org.springframework.boot.autoconfigure.web.BasicErrorController.errorHtml(javax.servlet.http.HttpServletRequest,javax.servlet.http.HttpServletResponse)={[/error],produces=[text/html]}} 
2017-11-13  15:53:58.812 [main] INFO  o.springframework.web.servlet.mvc.method.annotation.RequestMappingHandlerMapping - Mapped "{[/error]}" onto public org.springframework.http.ResponseEntity<java.util.Map<java.lang.String, java.lang.Object>> org.springframework.boot.autoconfigure.web.BasicErrorController.error(javax.servlet.http.HttpServletRequest) 
2017-11-13  15:53:58.812 [main] INFO  o.springframework.web.servlet.mvc.method.annotation.RequestMappingHandlerMapping - Mapped "{[/error],produces=[text/html]}" onto public org.springframework.web.servlet.ModelAndView org.springframework.boot.autoconfigure.web.BasicErrorController.errorHtml(javax.servlet.http.HttpServletRequest,javax.servlet.http.HttpServletResponse) 
2017-11-13  15:53:58.831 [main] DEBUG org.springframework.web.servlet.handler.BeanNameUrlHandlerMapping - Looking for URL mappings in application context: org.springframework.boot.context.embedded.AnnotationConfigEmbeddedWebApplicationContext@3e44f2a5: startup date [Mon Nov 13 15:53:55 CST 2017]; root of context hierarchy 
2017-11-13  15:53:58.832 [main] DEBUG org.springframework.web.servlet.handler.BeanNameUrlHandlerMapping - Rejected bean name 'org.springframework.context.annotation.internalConfigurationAnnotationProcessor': no URL paths identified 
2017-11-13  15:53:58.832 [main] DEBUG org.springframework.web.servlet.handler.BeanNameUrlHandlerMapping - Rejected bean name 'org.springframework.context.annotation.internalAutowiredAnnotationProcessor': no URL paths identified 
2017-11-13  15:53:58.832 [main] DEBUG org.springframework.web.servlet.handler.BeanNameUrlHandlerMapping - Rejected bean name 'org.springframework.context.annotation.internalRequiredAnnotationProcessor': no URL paths identified 
2017-11-13  15:53:58.832 [main] DEBUG org.springframework.web.servlet.handler.BeanNameUrlHandlerMapping - Rejected bean name 'org.springframework.context.annotation.internalCommonAnnotationProcessor': no URL paths identified 
2017-11-13  15:53:58.832 [main] DEBUG org.springframework.web.servlet.handler.BeanNameUrlHandlerMapping - Rejected bean name 'org.springframework.context.event.internalEventListenerProcessor': no URL paths identified 
2017-11-13  15:53:58.832 [main] DEBUG org.springframework.web.servlet.handler.BeanNameUrlHandlerMapping - Rejected bean name 'org.springframework.context.event.internalEventListenerFactory': no URL paths identified 
2017-11-13  15:53:58.832 [main] DEBUG org.springframework.web.servlet.handler.BeanNameUrlHandlerMapping - Rejected bean name 'erpReportApplication': no URL paths identified 
2017-11-13  15:53:58.832 [main] DEBUG org.springframework.web.servlet.handler.BeanNameUrlHandlerMapping - Rejected bean name 'org.springframework.boot.autoconfigure.internalCachingMetadataReaderFactory': no URL paths identified 
2017-11-13  15:53:58.832 [main] DEBUG org.springframework.web.servlet.handler.BeanNameUrlHandlerMapping - Rejected bean name 'inventoryWarnController': no URL paths identified 
2017-11-13  15:53:58.832 [main] DEBUG org.springframework.web.servlet.handler.BeanNameUrlHandlerMapping - Rejected bean name 'organizationBudgetController': no URL paths identified 
2017-11-13  15:53:58.832 [main] DEBUG org.springframework.web.servlet.handler.BeanNameUrlHandlerMapping - Rejected bean name 'proxySaleController': no URL paths identified 
2017-11-13  15:53:58.833 [main] DEBUG org.springframework.web.servlet.handler.BeanNameUrlHandlerMapping - Rejected bean name 'purchaseCollectController': no URL paths identified 
2017-11-13  15:53:58.833 [main] DEBUG org.springframework.web.servlet.handler.BeanNameUrlHandlerMapping - Rejected bean name 'saleReturnController': no URL paths identified 
2017-11-13  15:53:58.833 [main] DEBUG org.springframework.web.servlet.handler.BeanNameUrlHandlerMapping - Rejected bean name 'saleTotalController': no URL paths identified 
2017-11-13  15:53:58.833 [main] DEBUG org.springframework.web.servlet.handler.BeanNameUrlHandlerMapping - Rejected bean name 'stockDayController': no URL paths identified 
2017-11-13  15:53:58.833 [main] DEBUG org.springframework.web.servlet.handler.BeanNameUrlHandlerMapping - Rejected bean name 'testController': no URL paths identified 
2017-11-13  15:53:58.833 [main] DEBUG org.springframework.web.servlet.handler.BeanNameUrlHandlerMapping - Rejected bean name 'myJobFactory': no URL paths identified 
2017-11-13  15:53:58.833 [main] DEBUG org.springframework.web.servlet.handler.BeanNameUrlHandlerMapping - Rejected bean name 'schedulerConfigure': no URL paths identified 
2017-11-13  15:53:58.833 [main] DEBUG org.springframework.web.servlet.handler.BeanNameUrlHandlerMapping - Rejected bean name 'schedulerListener': no URL paths identified 
2017-11-13  15:53:58.834 [main] DEBUG org.springframework.web.servlet.handler.BeanNameUrlHandlerMapping - Rejected bean name 'conditionServiceImpl': no URL paths identified 
2017-11-13  15:53:58.834 [main] DEBUG org.springframework.web.servlet.handler.BeanNameUrlHandlerMapping - Rejected bean name 'inventoryWarnServeciImpl': no URL paths identified 
2017-11-13  15:53:58.834 [main] DEBUG org.springframework.web.servlet.handler.BeanNameUrlHandlerMapping - Rejected bean name 'organizationBudgetServiceImpl': no URL paths identified 
2017-11-13  15:53:58.834 [main] DEBUG org.springframework.web.servlet.handler.BeanNameUrlHandlerMapping - Rejected bean name 'proxySaleServiceImpl': no URL paths identified 
2017-11-13  15:53:58.834 [main] DEBUG org.springframework.web.servlet.handler.BeanNameUrlHandlerMapping - Rejected bean name 'purchaseCollectServiceImpl': no URL paths identified 
2017-11-13  15:53:58.834 [main] DEBUG org.springframework.web.servlet.handler.BeanNameUrlHandlerMapping - Rejected bean name 'saleReturnServiceImpl': no URL paths identified 
2017-11-13  15:53:58.834 [main] DEBUG org.springframework.web.servlet.handler.BeanNameUrlHandlerMapping - Rejected bean name 'saleTotalServiceImpl': no URL paths identified 
2017-11-13  15:53:58.834 [main] DEBUG org.springframework.web.servlet.handler.BeanNameUrlHandlerMapping - Rejected bean name 'stockDayServiceImpl': no URL paths identified 
2017-11-13  15:53:58.834 [main] DEBUG org.springframework.web.servlet.handler.BeanNameUrlHandlerMapping - Rejected bean name 'receiveCsvData': no URL paths identified 
2017-11-13  15:53:58.834 [main] DEBUG org.springframework.web.servlet.handler.BeanNameUrlHandlerMapping - Rejected bean name 'userService': no URL paths identified 
2017-11-13  15:53:58.834 [main] DEBUG org.springframework.web.servlet.handler.BeanNameUrlHandlerMapping - Rejected bean name 'springBeanUtils': no URL paths identified 
2017-11-13  15:53:58.834 [main] DEBUG org.springframework.web.servlet.handler.BeanNameUrlHandlerMapping - Rejected bean name 'schedulerFactoryBean': no URL paths identified 
2017-11-13  15:53:58.834 [main] DEBUG org.springframework.web.servlet.handler.BeanNameUrlHandlerMapping - Rejected bean name 'dataSource': no URL paths identified 
2017-11-13  15:53:58.835 [main] DEBUG org.springframework.web.servlet.handler.BeanNameUrlHandlerMapping - Rejected bean name 'sqlSessionFactoryBean': no URL paths identified 
2017-11-13  15:53:58.835 [main] DEBUG org.springframework.web.servlet.handler.BeanNameUrlHandlerMapping - Rejected bean name 'transactionManager': no URL paths identified 
2017-11-13  15:53:58.835 [main] DEBUG org.springframework.web.servlet.handler.BeanNameUrlHandlerMapping - Rejected bean name 'org.springframework.boot.autoconfigure.AutoConfigurationPackages': no URL paths identified 
2017-11-13  15:53:58.835 [main] DEBUG org.springframework.web.servlet.handler.BeanNameUrlHandlerMapping - Rejected bean name 'baseUtilMapper': no URL paths identified 
2017-11-13  15:53:58.835 [main] DEBUG org.springframework.web.servlet.handler.BeanNameUrlHandlerMapping - Rejected bean name 'reportInfoMapper': no URL paths identified 
2017-11-13  15:53:58.835 [main] DEBUG org.springframework.web.servlet.handler.BeanNameUrlHandlerMapping - Rejected bean name 'reportMapper': no URL paths identified 
2017-11-13  15:53:58.835 [main] DEBUG org.springframework.web.servlet.handler.BeanNameUrlHandlerMapping - Rejected bean name 'userMapper': no URL paths identified 
2017-11-13  15:53:58.835 [main] DEBUG org.springframework.web.servlet.handler.BeanNameUrlHandlerMapping - Rejected bean name 'org.springframework.boot.autoconfigure.context.PropertyPlaceholderAutoConfiguration': no URL paths identified 
2017-11-13  15:53:58.835 [main] DEBUG org.springframework.web.servlet.handler.BeanNameUrlHandlerMapping - Rejected bean name 'org.springframework.boot.autoconfigure.condition.BeanTypeRegistry': no URL paths identified 
2017-11-13  15:53:58.835 [main] DEBUG org.springframework.web.servlet.handler.BeanNameUrlHandlerMapping - Rejected bean name 'propertySourcesPlaceholderConfigurer': no URL paths identified 
2017-11-13  15:53:58.835 [main] DEBUG org.springframework.web.servlet.handler.BeanNameUrlHandlerMapping - Rejected bean name 'org.springframework.boot.autoconfigure.jackson.JacksonAutoConfiguration$Jackson2ObjectMapperBuilderCustomizerConfiguration': no URL paths identified 
2017-11-13  15:53:58.835 [main] DEBUG org.springframework.web.servlet.handler.BeanNameUrlHandlerMapping - Rejected bean name 'standardJacksonObjectMapperBuilderCustomizer': no URL paths identified 
2017-11-13  15:53:58.836 [main] DEBUG org.springframework.web.servlet.handler.BeanNameUrlHandlerMapping - Rejected bean name 'spring.jackson-org.springframework.boot.autoconfigure.jackson.JacksonProperties': no URL paths identified 
2017-11-13  15:53:58.836 [main] DEBUG org.springframework.web.servlet.handler.BeanNameUrlHandlerMapping - Rejected bean name 'org.springframework.boot.context.properties.ConfigurationPropertiesBindingPostProcessor': no URL paths identified 
2017-11-13  15:53:58.836 [main] DEBUG org.springframework.web.servlet.handler.BeanNameUrlHandlerMapping - Rejected bean name 'org.springframework.boot.context.properties.ConfigurationPropertiesBindingPostProcessor.store': no URL paths identified 
2017-11-13  15:53:58.836 [main] DEBUG org.springframework.web.servlet.handler.BeanNameUrlHandlerMapping - Rejected bean name 'org.springframework.boot.autoconfigure.jackson.JacksonAutoConfiguration$JacksonObjectMapperBuilderConfiguration': no URL paths identified 
2017-11-13  15:53:58.836 [main] DEBUG org.springframework.web.servlet.handler.BeanNameUrlHandlerMapping - Rejected bean name 'jacksonObjectMapperBuilder': no URL paths identified 
2017-11-13  15:53:58.836 [main] DEBUG org.springframework.web.servlet.handler.BeanNameUrlHandlerMapping - Rejected bean name 'org.springframework.boot.autoconfigure.jackson.JacksonAutoConfiguration$JacksonObjectMapperConfiguration': no URL paths identified 
2017-11-13  15:53:58.836 [main] DEBUG org.springframework.web.servlet.handler.BeanNameUrlHandlerMapping - Rejected bean name 'jacksonObjectMapper': no URL paths identified 
2017-11-13  15:53:58.836 [main] DEBUG org.springframework.web.servlet.handler.BeanNameUrlHandlerMapping - Rejected bean name 'org.springframework.boot.autoconfigure.jackson.JacksonAutoConfiguration': no URL paths identified 
2017-11-13  15:53:58.836 [main] DEBUG org.springframework.web.servlet.handler.BeanNameUrlHandlerMapping - Rejected bean name 'jsonComponentModule': no URL paths identified 
2017-11-13  15:53:58.836 [main] DEBUG org.springframework.web.servlet.handler.BeanNameUrlHandlerMapping - Rejected bean name 'org.springframework.boot.autoconfigure.websocket.WebSocketAutoConfiguration$TomcatWebSocketConfiguration': no URL paths identified 
2017-11-13  15:53:58.836 [main] DEBUG org.springframework.web.servlet.handler.BeanNameUrlHandlerMapping - Rejected bean name 'websocketContainerCustomizer': no URL paths identified 
2017-11-13  15:53:58.836 [main] DEBUG org.springframework.web.servlet.handler.BeanNameUrlHandlerMapping - Rejected bean name 'org.springframework.boot.autoconfigure.websocket.WebSocketAutoConfiguration': no URL paths identified 
2017-11-13  15:53:58.836 [main] DEBUG org.springframework.web.servlet.handler.BeanNameUrlHandlerMapping - Rejected bean name 'org.springframework.boot.autoconfigure.web.EmbeddedServletContainerAutoConfiguration$EmbeddedTomcat': no URL paths identified 
2017-11-13  15:53:58.837 [main] DEBUG org.springframework.web.servlet.handler.BeanNameUrlHandlerMapping - Rejected bean name 'tomcatEmbeddedServletContainerFactory': no URL paths identified 
2017-11-13  15:53:58.837 [main] DEBUG org.springframework.web.servlet.handler.BeanNameUrlHandlerMapping - Rejected bean name 'org.springframework.boot.autoconfigure.web.EmbeddedServletContainerAutoConfiguration': no URL paths identified 
2017-11-13  15:53:58.837 [main] DEBUG org.springframework.web.servlet.handler.BeanNameUrlHandlerMapping - Rejected bean name 'embeddedServletContainerCustomizerBeanPostProcessor': no URL paths identified 
2017-11-13  15:53:58.837 [main] DEBUG org.springframework.web.servlet.handler.BeanNameUrlHandlerMapping - Rejected bean name 'errorPageRegistrarBeanPostProcessor': no URL paths identified 
2017-11-13  15:53:58.837 [main] DEBUG org.springframework.web.servlet.handler.BeanNameUrlHandlerMapping - Rejected bean name 'org.springframework.boot.autoconfigure.web.DispatcherServletAutoConfiguration$DispatcherServletConfiguration': no URL paths identified 
2017-11-13  15:53:58.837 [main] DEBUG org.springframework.web.servlet.handler.BeanNameUrlHandlerMapping - Rejected bean name 'dispatcherServlet': no URL paths identified 
2017-11-13  15:53:58.837 [main] DEBUG org.springframework.web.servlet.handler.BeanNameUrlHandlerMapping - Rejected bean name 'spring.mvc-org.springframework.boot.autoconfigure.web.WebMvcProperties': no URL paths identified 
2017-11-13  15:53:58.837 [main] DEBUG org.springframework.web.servlet.handler.BeanNameUrlHandlerMapping - Rejected bean name 'org.springframework.boot.autoconfigure.web.DispatcherServletAutoConfiguration$DispatcherServletRegistrationConfiguration': no URL paths identified 
2017-11-13  15:53:58.837 [main] DEBUG org.springframework.web.servlet.handler.BeanNameUrlHandlerMapping - Rejected bean name 'dispatcherServletRegistration': no URL paths identified 
2017-11-13  15:53:58.837 [main] DEBUG org.springframework.web.servlet.handler.BeanNameUrlHandlerMapping - Rejected bean name 'org.springframework.boot.autoconfigure.web.DispatcherServletAutoConfiguration': no URL paths identified 
2017-11-13  15:53:58.837 [main] DEBUG org.springframework.web.servlet.handler.BeanNameUrlHandlerMapping - Rejected bean name 'org.springframework.boot.autoconfigure.validation.ValidationAutoConfiguration': no URL paths identified 
2017-11-13  15:53:58.837 [main] DEBUG org.springframework.web.servlet.handler.BeanNameUrlHandlerMapping - Rejected bean name 'defaultValidator': no URL paths identified 
2017-11-13  15:53:58.837 [main] DEBUG org.springframework.web.servlet.handler.BeanNameUrlHandlerMapping - Rejected bean name 'methodValidationPostProcessor': no URL paths identified 
2017-11-13  15:53:58.837 [main] DEBUG org.springframework.web.servlet.handler.BeanNameUrlHandlerMapping - Rejected bean name 'org.springframework.boot.autoconfigure.web.ErrorMvcAutoConfiguration$WhitelabelErrorViewConfiguration': no URL paths identified 
2017-11-13  15:53:58.837 [main] DEBUG org.springframework.web.servlet.handler.BeanNameUrlHandlerMapping - Rejected bean name 'error': no URL paths identified 
2017-11-13  15:53:58.837 [main] DEBUG org.springframework.web.servlet.handler.BeanNameUrlHandlerMapping - Rejected bean name 'beanNameViewResolver': no URL paths identified 
2017-11-13  15:53:58.837 [main] DEBUG org.springframework.web.servlet.handler.BeanNameUrlHandlerMapping - Rejected bean name 'org.springframework.boot.autoconfigure.web.ErrorMvcAutoConfiguration$DefaultErrorViewResolverConfiguration': no URL paths identified 
2017-11-13  15:53:58.838 [main] DEBUG org.springframework.web.servlet.handler.BeanNameUrlHandlerMapping - Rejected bean name 'conventionErrorViewResolver': no URL paths identified 
2017-11-13  15:53:58.838 [main] DEBUG org.springframework.web.servlet.handler.BeanNameUrlHandlerMapping - Rejected bean name 'org.springframework.boot.autoconfigure.web.ErrorMvcAutoConfiguration': no URL paths identified 
2017-11-13  15:53:58.838 [main] DEBUG org.springframework.web.servlet.handler.BeanNameUrlHandlerMapping - Rejected bean name 'errorAttributes': no URL paths identified 
2017-11-13  15:53:58.838 [main] DEBUG org.springframework.web.servlet.handler.BeanNameUrlHandlerMapping - Rejected bean name 'basicErrorController': no URL paths identified 
2017-11-13  15:53:58.838 [main] DEBUG org.springframework.web.servlet.handler.BeanNameUrlHandlerMapping - Rejected bean name 'errorPageCustomizer': no URL paths identified 
2017-11-13  15:53:58.838 [main] DEBUG org.springframework.web.servlet.handler.BeanNameUrlHandlerMapping - Rejected bean name 'preserveErrorControllerTargetClassPostProcessor': no URL paths identified 
2017-11-13  15:53:58.838 [main] DEBUG org.springframework.web.servlet.handler.BeanNameUrlHandlerMapping - Rejected bean name 'spring.resources-org.springframework.boot.autoconfigure.web.ResourceProperties': no URL paths identified 
2017-11-13  15:53:58.838 [main] DEBUG org.springframework.web.servlet.handler.BeanNameUrlHandlerMapping - Rejected bean name 'org.springframework.boot.autoconfigure.web.WebMvcAutoConfiguration$EnableWebMvcConfiguration': no URL paths identified 
2017-11-13  15:53:58.838 [main] DEBUG org.springframework.web.servlet.handler.BeanNameUrlHandlerMapping - Rejected bean name 'requestMappingHandlerAdapter': no URL paths identified 
2017-11-13  15:53:58.838 [main] DEBUG org.springframework.web.servlet.handler.BeanNameUrlHandlerMapping - Rejected bean name 'requestMappingHandlerMapping': no URL paths identified 
2017-11-13  15:53:58.838 [main] DEBUG org.springframework.web.servlet.handler.BeanNameUrlHandlerMapping - Rejected bean name 'mvcValidator': no URL paths identified 
2017-11-13  15:53:58.838 [main] DEBUG org.springframework.web.servlet.handler.BeanNameUrlHandlerMapping - Rejected bean name 'mvcContentNegotiationManager': no URL paths identified 
2017-11-13  15:53:58.838 [main] DEBUG org.springframework.web.servlet.handler.BeanNameUrlHandlerMapping - Rejected bean name 'mvcPathMatcher': no URL paths identified 
2017-11-13  15:53:58.838 [main] DEBUG org.springframework.web.servlet.handler.BeanNameUrlHandlerMapping - Rejected bean name 'mvcUrlPathHelper': no URL paths identified 
2017-11-13  15:53:58.838 [main] DEBUG org.springframework.web.servlet.handler.BeanNameUrlHandlerMapping - Rejected bean name 'viewControllerHandlerMapping': no URL paths identified 
2017-11-13  15:53:58.838 [main] DEBUG org.springframework.web.servlet.handler.BeanNameUrlHandlerMapping - Rejected bean name 'beanNameHandlerMapping': no URL paths identified 
2017-11-13  15:53:58.838 [main] DEBUG org.springframework.web.servlet.handler.BeanNameUrlHandlerMapping - Rejected bean name 'resourceHandlerMapping': no URL paths identified 
2017-11-13  15:53:58.838 [main] DEBUG org.springframework.web.servlet.handler.BeanNameUrlHandlerMapping - Rejected bean name 'mvcResourceUrlProvider': no URL paths identified 
2017-11-13  15:53:58.839 [main] DEBUG org.springframework.web.servlet.handler.BeanNameUrlHandlerMapping - Rejected bean name 'defaultServletHandlerMapping': no URL paths identified 
2017-11-13  15:53:58.839 [main] DEBUG org.springframework.web.servlet.handler.BeanNameUrlHandlerMapping - Rejected bean name 'mvcConversionService': no URL paths identified 
2017-11-13  15:53:58.839 [main] DEBUG org.springframework.web.servlet.handler.BeanNameUrlHandlerMapping - Rejected bean name 'mvcUriComponentsContributor': no URL paths identified 
2017-11-13  15:53:58.839 [main] DEBUG org.springframework.web.servlet.handler.BeanNameUrlHandlerMapping - Rejected bean name 'httpRequestHandlerAdapter': no URL paths identified 
2017-11-13  15:53:58.839 [main] DEBUG org.springframework.web.servlet.handler.BeanNameUrlHandlerMapping - Rejected bean name 'simpleControllerHandlerAdapter': no URL paths identified 
2017-11-13  15:53:58.839 [main] DEBUG org.springframework.web.servlet.handler.BeanNameUrlHandlerMapping - Rejected bean name 'handlerExceptionResolver': no URL paths identified 
2017-11-13  15:53:58.839 [main] DEBUG org.springframework.web.servlet.handler.BeanNameUrlHandlerMapping - Rejected bean name 'mvcViewResolver': no URL paths identified 
2017-11-13  15:53:58.839 [main] DEBUG org.springframework.web.servlet.handler.BeanNameUrlHandlerMapping - Rejected bean name 'org.springframework.boot.autoconfigure.web.WebMvcAutoConfiguration$WebMvcAutoConfigurationAdapter$FaviconConfiguration': no URL paths identified 
2017-11-13  15:53:58.839 [main] DEBUG org.springframework.web.servlet.handler.BeanNameUrlHandlerMapping - Rejected bean name 'faviconHandlerMapping': no URL paths identified 
2017-11-13  15:53:58.839 [main] DEBUG org.springframework.web.servlet.handler.BeanNameUrlHandlerMapping - Rejected bean name 'faviconRequestHandler': no URL paths identified 
2017-11-13  15:53:58.839 [main] DEBUG org.springframework.web.servlet.handler.BeanNameUrlHandlerMapping - Rejected bean name 'org.springframework.boot.autoconfigure.web.WebMvcAutoConfiguration$WebMvcAutoConfigurationAdapter': no URL paths identified 
2017-11-13  15:53:58.839 [main] DEBUG org.springframework.web.servlet.handler.BeanNameUrlHandlerMapping - Rejected bean name 'defaultViewResolver': no URL paths identified 
2017-11-13  15:53:58.839 [main] DEBUG org.springframework.web.servlet.handler.BeanNameUrlHandlerMapping - Rejected bean name 'viewResolver': no URL paths identified 
2017-11-13  15:53:58.839 [main] DEBUG org.springframework.web.servlet.handler.BeanNameUrlHandlerMapping - Rejected bean name 'welcomePageHandlerMapping': no URL paths identified 
2017-11-13  15:53:58.839 [main] DEBUG org.springframework.web.servlet.handler.BeanNameUrlHandlerMapping - Rejected bean name 'requestContextFilter': no URL paths identified 
2017-11-13  15:53:58.841 [main] DEBUG org.springframework.web.servlet.handler.BeanNameUrlHandlerMapping - Rejected bean name 'org.springframework.boot.autoconfigure.web.WebMvcAutoConfiguration': no URL paths identified 
2017-11-13  15:53:58.845 [main] DEBUG org.springframework.web.servlet.handler.BeanNameUrlHandlerMapping - Rejected bean name 'hiddenHttpMethodFilter': no URL paths identified 
2017-11-13  15:53:58.845 [main] DEBUG org.springframework.web.servlet.handler.BeanNameUrlHandlerMapping - Rejected bean name 'httpPutFormContentFilter': no URL paths identified 
2017-11-13  15:53:58.845 [main] DEBUG org.springframework.web.servlet.handler.BeanNameUrlHandlerMapping - Rejected bean name 'org.springframework.boot.autoconfigure.jdbc.metadata.DataSourcePoolMetadataProvidersConfiguration$TomcatDataSourcePoolMetadataProviderConfiguration': no URL paths identified 
2017-11-13  15:53:58.845 [main] DEBUG org.springframework.web.servlet.handler.BeanNameUrlHandlerMapping - Rejected bean name 'tomcatPoolDataSourceMetadataProvider': no URL paths identified 
2017-11-13  15:53:58.845 [main] DEBUG org.springframework.web.servlet.handler.BeanNameUrlHandlerMapping - Rejected bean name 'org.springframework.boot.autoconfigure.jdbc.metadata.DataSourcePoolMetadataProvidersConfiguration': no URL paths identified 
2017-11-13  15:53:58.845 [main] DEBUG org.springframework.web.servlet.handler.BeanNameUrlHandlerMapping - Rejected bean name 'org.springframework.boot.autoconfigure.jdbc.DataSourceAutoConfiguration': no URL paths identified 
2017-11-13  15:53:58.845 [main] DEBUG org.springframework.web.servlet.handler.BeanNameUrlHandlerMapping - Rejected bean name 'dataSourceInitializer': no URL paths identified 
2017-11-13  15:53:58.845 [main] DEBUG org.springframework.web.servlet.handler.BeanNameUrlHandlerMapping - Rejected bean name 'spring.datasource-org.springframework.boot.autoconfigure.jdbc.DataSourceProperties': no URL paths identified 
2017-11-13  15:53:58.845 [main] DEBUG org.springframework.web.servlet.handler.BeanNameUrlHandlerMapping - Rejected bean name 'dataSourceInitializerPostProcessor': no URL paths identified 
2017-11-13  15:53:58.845 [main] DEBUG org.springframework.web.servlet.handler.BeanNameUrlHandlerMapping - Rejected bean name 'org.mybatis.spring.boot.autoconfigure.MybatisAutoConfiguration': no URL paths identified 
2017-11-13  15:53:58.845 [main] DEBUG org.springframework.web.servlet.handler.BeanNameUrlHandlerMapping - Rejected bean name 'sqlSessionTemplate': no URL paths identified 
2017-11-13  15:53:58.845 [main] DEBUG org.springframework.web.servlet.handler.BeanNameUrlHandlerMapping - Rejected bean name 'mybatis-org.mybatis.spring.boot.autoconfigure.MybatisProperties': no URL paths identified 
2017-11-13  15:53:58.845 [main] DEBUG org.springframework.web.servlet.handler.BeanNameUrlHandlerMapping - Rejected bean name 'org.springframework.boot.autoconfigure.jmx.JmxAutoConfiguration': no URL paths identified 
2017-11-13  15:53:58.845 [main] DEBUG org.springframework.web.servlet.handler.BeanNameUrlHandlerMapping - Rejected bean name 'mbeanExporter': no URL paths identified 
2017-11-13  15:53:58.845 [main] DEBUG org.springframework.web.servlet.handler.BeanNameUrlHandlerMapping - Rejected bean name 'objectNamingStrategy': no URL paths identified 
2017-11-13  15:53:58.845 [main] DEBUG org.springframework.web.servlet.handler.BeanNameUrlHandlerMapping - Rejected bean name 'mbeanServer': no URL paths identified 
2017-11-13  15:53:58.845 [main] DEBUG org.springframework.web.servlet.handler.BeanNameUrlHandlerMapping - Rejected bean name 'org.springframework.boot.autoconfigure.aop.AopAutoConfiguration$JdkDynamicAutoProxyConfiguration': no URL paths identified 
2017-11-13  15:53:58.845 [main] DEBUG org.springframework.web.servlet.handler.BeanNameUrlHandlerMapping - Rejected bean name 'org.springframework.aop.config.internalAutoProxyCreator': no URL paths identified 
2017-11-13  15:53:58.846 [main] DEBUG org.springframework.web.servlet.handler.BeanNameUrlHandlerMapping - Rejected bean name 'org.springframework.boot.autoconfigure.aop.AopAutoConfiguration': no URL paths identified 
2017-11-13  15:53:58.846 [main] DEBUG org.springframework.web.servlet.handler.BeanNameUrlHandlerMapping - Rejected bean name 'org.springframework.boot.autoconfigure.data.redis.RedisAutoConfiguration$RedisConfiguration': no URL paths identified 
2017-11-13  15:53:58.846 [main] DEBUG org.springframework.web.servlet.handler.BeanNameUrlHandlerMapping - Rejected bean name 'redisTemplate': no URL paths identified 
2017-11-13  15:53:58.846 [main] DEBUG org.springframework.web.servlet.handler.BeanNameUrlHandlerMapping - Rejected bean name 'stringRedisTemplate': no URL paths identified 
2017-11-13  15:53:58.846 [main] DEBUG org.springframework.web.servlet.handler.BeanNameUrlHandlerMapping - Rejected bean name 'org.springframework.boot.autoconfigure.data.redis.RedisAutoConfiguration$RedisConnectionConfiguration': no URL paths identified 
2017-11-13  15:53:58.846 [main] DEBUG org.springframework.web.servlet.handler.BeanNameUrlHandlerMapping - Rejected bean name 'redisConnectionFactory': no URL paths identified 
2017-11-13  15:53:58.846 [main] DEBUG org.springframework.web.servlet.handler.BeanNameUrlHandlerMapping - Rejected bean name 'org.springframework.boot.autoconfigure.data.redis.RedisAutoConfiguration': no URL paths identified 
2017-11-13  15:53:58.846 [main] DEBUG org.springframework.web.servlet.handler.BeanNameUrlHandlerMapping - Rejected bean name 'spring.redis-org.springframework.boot.autoconfigure.data.redis.RedisProperties': no URL paths identified 
2017-11-13  15:53:58.846 [main] DEBUG org.springframework.web.servlet.handler.BeanNameUrlHandlerMapping - Rejected bean name 'org.springframework.boot.autoconfigure.context.ConfigurationPropertiesAutoConfiguration': no URL paths identified 
2017-11-13  15:53:58.846 [main] DEBUG org.springframework.web.servlet.handler.BeanNameUrlHandlerMapping - Rejected bean name 'org.springframework.boot.autoconfigure.dao.PersistenceExceptionTranslationAutoConfiguration': no URL paths identified 
2017-11-13  15:53:58.846 [main] DEBUG org.springframework.web.servlet.handler.BeanNameUrlHandlerMapping - Rejected bean name 'persistenceExceptionTranslationPostProcessor': no URL paths identified 
2017-11-13  15:53:58.846 [main] DEBUG org.springframework.web.servlet.handler.BeanNameUrlHandlerMapping - Rejected bean name 'org.springframework.boot.autoconfigure.data.redis.RedisRepositoriesAutoConfiguration': no URL paths identified 
2017-11-13  15:53:58.846 [main] DEBUG org.springframework.web.servlet.handler.BeanNameUrlHandlerMapping - Rejected bean name 'keyValueMappingContext': no URL paths identified 
2017-11-13  15:53:58.846 [main] DEBUG org.springframework.web.servlet.handler.BeanNameUrlHandlerMapping - Rejected bean name 'redisCustomConversions': no URL paths identified 
2017-11-13  15:53:58.846 [main] DEBUG org.springframework.web.servlet.handler.BeanNameUrlHandlerMapping - Rejected bean name 'redisReferenceResolver': no URL paths identified 
2017-11-13  15:53:58.846 [main] DEBUG org.springframework.web.servlet.handler.BeanNameUrlHandlerMapping - Rejected bean name 'redisConverter': no URL paths identified 
2017-11-13  15:53:58.846 [main] DEBUG org.springframework.web.servlet.handler.BeanNameUrlHandlerMapping - Rejected bean name 'redisKeyValueAdapter': no URL paths identified 
2017-11-13  15:53:58.846 [main] DEBUG org.springframework.web.servlet.handler.BeanNameUrlHandlerMapping - Rejected bean name 'redisKeyValueTemplate': no URL paths identified 
2017-11-13  15:53:58.846 [main] DEBUG org.springframework.web.servlet.handler.BeanNameUrlHandlerMapping - Rejected bean name 'org.springframework.boot.autoconfigure.web.HttpMessageConvertersAutoConfiguration$StringHttpMessageConverterConfiguration': no URL paths identified 
2017-11-13  15:53:58.846 [main] DEBUG org.springframework.web.servlet.handler.BeanNameUrlHandlerMapping - Rejected bean name 'stringHttpMessageConverter': no URL paths identified 
2017-11-13  15:53:58.847 [main] DEBUG org.springframework.web.servlet.handler.BeanNameUrlHandlerMapping - Rejected bean name 'spring.http.encoding-org.springframework.boot.autoconfigure.web.HttpEncodingProperties': no URL paths identified 
2017-11-13  15:53:58.847 [main] DEBUG org.springframework.web.servlet.handler.BeanNameUrlHandlerMapping - Rejected bean name 'org.springframework.boot.autoconfigure.web.JacksonHttpMessageConvertersConfiguration$MappingJackson2HttpMessageConverterConfiguration': no URL paths identified 
2017-11-13  15:53:58.847 [main] DEBUG org.springframework.web.servlet.handler.BeanNameUrlHandlerMapping - Rejected bean name 'mappingJackson2HttpMessageConverter': no URL paths identified 
2017-11-13  15:53:58.847 [main] DEBUG org.springframework.web.servlet.handler.BeanNameUrlHandlerMapping - Rejected bean name 'org.springframework.boot.autoconfigure.web.JacksonHttpMessageConvertersConfiguration': no URL paths identified 
2017-11-13  15:53:58.847 [main] DEBUG org.springframework.web.servlet.handler.BeanNameUrlHandlerMapping - Rejected bean name 'org.springframework.boot.autoconfigure.web.HttpMessageConvertersAutoConfiguration': no URL paths identified 
2017-11-13  15:53:58.847 [main] DEBUG org.springframework.web.servlet.handler.BeanNameUrlHandlerMapping - Rejected bean name 'messageConverters': no URL paths identified 
2017-11-13  15:53:58.847 [main] DEBUG org.springframework.web.servlet.handler.BeanNameUrlHandlerMapping - Rejected bean name 'org.springframework.data.web.config.SpringDataWebConfiguration': no URL paths identified 
2017-11-13  15:53:58.847 [main] DEBUG org.springframework.web.servlet.handler.BeanNameUrlHandlerMapping - Rejected bean name 'pageableResolver': no URL paths identified 
2017-11-13  15:53:58.847 [main] DEBUG org.springframework.web.servlet.handler.BeanNameUrlHandlerMapping - Rejected bean name 'sortResolver': no URL paths identified 
2017-11-13  15:53:58.847 [main] DEBUG org.springframework.web.servlet.handler.BeanNameUrlHandlerMapping - Rejected bean name 'org.springframework.data.web.config.SpringDataJacksonConfiguration': no URL paths identified 
2017-11-13  15:53:58.847 [main] DEBUG org.springframework.web.servlet.handler.BeanNameUrlHandlerMapping - Rejected bean name 'jacksonGeoModule': no URL paths identified 
2017-11-13  15:53:58.847 [main] DEBUG org.springframework.web.servlet.handler.BeanNameUrlHandlerMapping - Rejected bean name 'org.springframework.boot.autoconfigure.data.web.SpringDataWebAutoConfiguration': no URL paths identified 
2017-11-13  15:53:58.847 [main] DEBUG org.springframework.web.servlet.handler.BeanNameUrlHandlerMapping - Rejected bean name 'org.springframework.boot.autoconfigure.freemarker.FreeMarkerAutoConfiguration$FreeMarkerWebConfiguration': no URL paths identified 
2017-11-13  15:53:58.847 [main] DEBUG org.springframework.web.servlet.handler.BeanNameUrlHandlerMapping - Rejected bean name 'freeMarkerConfigurer': no URL paths identified 
2017-11-13  15:53:58.847 [main] DEBUG org.springframework.web.servlet.handler.BeanNameUrlHandlerMapping - Rejected bean name 'freeMarkerConfiguration': no URL paths identified 
2017-11-13  15:53:58.847 [main] DEBUG org.springframework.web.servlet.handler.BeanNameUrlHandlerMapping - Rejected bean name 'freeMarkerViewResolver': no URL paths identified 
2017-11-13  15:53:58.847 [main] DEBUG org.springframework.web.servlet.handler.BeanNameUrlHandlerMapping - Rejected bean name 'org.springframework.boot.autoconfigure.freemarker.FreeMarkerAutoConfiguration': no URL paths identified 
2017-11-13  15:53:58.847 [main] DEBUG org.springframework.web.servlet.handler.BeanNameUrlHandlerMapping - Rejected bean name 'spring.freemarker-org.springframework.boot.autoconfigure.freemarker.FreeMarkerProperties': no URL paths identified 
2017-11-13  15:53:58.847 [main] DEBUG org.springframework.web.servlet.handler.BeanNameUrlHandlerMapping - Rejected bean name 'org.springframework.boot.autoconfigure.info.ProjectInfoAutoConfiguration': no URL paths identified 
2017-11-13  15:53:58.847 [main] DEBUG org.springframework.web.servlet.handler.BeanNameUrlHandlerMapping - Rejected bean name 'spring.info-org.springframework.boot.autoconfigure.info.ProjectInfoProperties': no URL paths identified 
2017-11-13  15:53:58.847 [main] DEBUG org.springframework.web.servlet.handler.BeanNameUrlHandlerMapping - Rejected bean name 'org.springframework.boot.autoconfigure.jdbc.DataSourceTransactionManagerAutoConfiguration$DataSourceTransactionManagerConfiguration': no URL paths identified 
2017-11-13  15:53:58.847 [main] DEBUG org.springframework.web.servlet.handler.BeanNameUrlHandlerMapping - Rejected bean name 'org.springframework.boot.autoconfigure.jdbc.DataSourceTransactionManagerAutoConfiguration': no URL paths identified 
2017-11-13  15:53:58.847 [main] DEBUG org.springframework.web.servlet.handler.BeanNameUrlHandlerMapping - Rejected bean name 'org.springframework.boot.autoconfigure.jdbc.JdbcTemplateAutoConfiguration': no URL paths identified 
2017-11-13  15:53:58.848 [main] DEBUG org.springframework.web.servlet.handler.BeanNameUrlHandlerMapping - Rejected bean name 'jdbcTemplate': no URL paths identified 
2017-11-13  15:53:58.848 [main] DEBUG org.springframework.web.servlet.handler.BeanNameUrlHandlerMapping - Rejected bean name 'namedParameterJdbcTemplate': no URL paths identified 
2017-11-13  15:53:58.848 [main] DEBUG org.springframework.web.servlet.handler.BeanNameUrlHandlerMapping - Rejected bean name 'org.springframework.transaction.annotation.ProxyTransactionManagementConfiguration': no URL paths identified 
2017-11-13  15:53:58.849 [main] DEBUG org.springframework.web.servlet.handler.BeanNameUrlHandlerMapping - Rejected bean name 'org.springframework.transaction.config.internalTransactionAdvisor': no URL paths identified 
2017-11-13  15:53:58.849 [main] DEBUG org.springframework.web.servlet.handler.BeanNameUrlHandlerMapping - Rejected bean name 'transactionAttributeSource': no URL paths identified 
2017-11-13  15:53:58.849 [main] DEBUG org.springframework.web.servlet.handler.BeanNameUrlHandlerMapping - Rejected bean name 'transactionInterceptor': no URL paths identified 
2017-11-13  15:53:58.849 [main] DEBUG org.springframework.web.servlet.handler.BeanNameUrlHandlerMapping - Rejected bean name 'org.springframework.transaction.config.internalTransactionalEventListenerFactory': no URL paths identified 
2017-11-13  15:53:58.849 [main] DEBUG org.springframework.web.servlet.handler.BeanNameUrlHandlerMapping - Rejected bean name 'org.springframework.boot.autoconfigure.transaction.TransactionAutoConfiguration$EnableTransactionManagementConfiguration$CglibAutoProxyConfiguration': no URL paths identified 
2017-11-13  15:53:58.849 [main] DEBUG org.springframework.web.servlet.handler.BeanNameUrlHandlerMapping - Rejected bean name 'org.springframework.boot.autoconfigure.transaction.TransactionAutoConfiguration$EnableTransactionManagementConfiguration': no URL paths identified 
2017-11-13  15:53:58.849 [main] DEBUG org.springframework.web.servlet.handler.BeanNameUrlHandlerMapping - Rejected bean name 'org.springframework.boot.autoconfigure.transaction.TransactionAutoConfiguration$TransactionTemplateConfiguration': no URL paths identified 
2017-11-13  15:53:58.849 [main] DEBUG org.springframework.web.servlet.handler.BeanNameUrlHandlerMapping - Rejected bean name 'transactionTemplate': no URL paths identified 
2017-11-13  15:53:58.849 [main] DEBUG org.springframework.web.servlet.handler.BeanNameUrlHandlerMapping - Rejected bean name 'org.springframework.boot.autoconfigure.transaction.TransactionAutoConfiguration': no URL paths identified 
2017-11-13  15:53:58.849 [main] DEBUG org.springframework.web.servlet.handler.BeanNameUrlHandlerMapping - Rejected bean name 'platformTransactionManagerCustomizers': no URL paths identified 
2017-11-13  15:53:58.849 [main] DEBUG org.springframework.web.servlet.handler.BeanNameUrlHandlerMapping - Rejected bean name 'spring.transaction-org.springframework.boot.autoconfigure.transaction.TransactionProperties': no URL paths identified 
2017-11-13  15:53:58.849 [main] DEBUG org.springframework.web.servlet.handler.BeanNameUrlHandlerMapping - Rejected bean name 'org.springframework.boot.autoconfigure.web.HttpEncodingAutoConfiguration': no URL paths identified 
2017-11-13  15:53:58.852 [main] DEBUG org.springframework.web.servlet.handler.BeanNameUrlHandlerMapping - Rejected bean name 'characterEncodingFilter': no URL paths identified 
2017-11-13  15:53:58.852 [main] DEBUG org.springframework.web.servlet.handler.BeanNameUrlHandlerMapping - Rejected bean name 'localeCharsetMappingsCustomizer': no URL paths identified 
2017-11-13  15:53:58.852 [main] DEBUG org.springframework.web.servlet.handler.BeanNameUrlHandlerMapping - Rejected bean name 'org.springframework.boot.autoconfigure.web.MultipartAutoConfiguration': no URL paths identified 
2017-11-13  15:53:58.852 [main] DEBUG org.springframework.web.servlet.handler.BeanNameUrlHandlerMapping - Rejected bean name 'multipartConfigElement': no URL paths identified 
2017-11-13  15:53:58.852 [main] DEBUG org.springframework.web.servlet.handler.BeanNameUrlHandlerMapping - Rejected bean name 'multipartResolver': no URL paths identified 
2017-11-13  15:53:58.852 [main] DEBUG org.springframework.web.servlet.handler.BeanNameUrlHandlerMapping - Rejected bean name 'spring.http.multipart-org.springframework.boot.autoconfigure.web.MultipartProperties': no URL paths identified 
2017-11-13  15:53:58.852 [main] DEBUG org.springframework.web.servlet.handler.BeanNameUrlHandlerMapping - Rejected bean name 'org.springframework.boot.autoconfigure.web.ServerPropertiesAutoConfiguration': no URL paths identified 
2017-11-13  15:53:58.852 [main] DEBUG org.springframework.web.servlet.handler.BeanNameUrlHandlerMapping - Rejected bean name 'serverProperties': no URL paths identified 
2017-11-13  15:53:58.852 [main] DEBUG org.springframework.web.servlet.handler.BeanNameUrlHandlerMapping - Rejected bean name 'duplicateServerPropertiesDetector': no URL paths identified 
2017-11-13  15:53:58.852 [main] DEBUG org.springframework.web.servlet.handler.BeanNameUrlHandlerMapping - Rejected bean name 'org.springframework.boot.autoconfigure.web.WebClientAutoConfiguration$RestTemplateConfiguration': no URL paths identified 
2017-11-13  15:53:58.852 [main] DEBUG org.springframework.web.servlet.handler.BeanNameUrlHandlerMapping - Rejected bean name 'restTemplateBuilder': no URL paths identified 
2017-11-13  15:53:58.853 [main] DEBUG org.springframework.web.servlet.handler.BeanNameUrlHandlerMapping - Rejected bean name 'org.springframework.boot.autoconfigure.web.WebClientAutoConfiguration': no URL paths identified 
2017-11-13  15:53:58.853 [main] DEBUG org.springframework.web.servlet.handler.BeanNameUrlHandlerMapping - Rejected bean name 'autoConfigurationReport': no URL paths identified 
2017-11-13  15:53:58.853 [main] DEBUG org.springframework.web.servlet.handler.BeanNameUrlHandlerMapping - Rejected bean name 'springApplicationArguments': no URL paths identified 
2017-11-13  15:53:58.853 [main] DEBUG org.springframework.web.servlet.handler.BeanNameUrlHandlerMapping - Rejected bean name 'springBootBanner': no URL paths identified 
2017-11-13  15:53:58.853 [main] DEBUG org.springframework.web.servlet.handler.BeanNameUrlHandlerMapping - Rejected bean name 'springBootLoggingSystem': no URL paths identified 
2017-11-13  15:53:58.853 [main] DEBUG org.springframework.web.servlet.handler.BeanNameUrlHandlerMapping - Rejected bean name 'environment': no URL paths identified 
2017-11-13  15:53:58.853 [main] DEBUG org.springframework.web.servlet.handler.BeanNameUrlHandlerMapping - Rejected bean name 'systemProperties': no URL paths identified 
2017-11-13  15:53:58.853 [main] DEBUG org.springframework.web.servlet.handler.BeanNameUrlHandlerMapping - Rejected bean name 'systemEnvironment': no URL paths identified 
2017-11-13  15:53:58.853 [main] DEBUG org.springframework.web.servlet.handler.BeanNameUrlHandlerMapping - Rejected bean name 'org.springframework.context.annotation.ConfigurationClassPostProcessor.importRegistry': no URL paths identified 
2017-11-13  15:53:58.853 [main] DEBUG org.springframework.web.servlet.handler.BeanNameUrlHandlerMapping - Rejected bean name 'messageSource': no URL paths identified 
2017-11-13  15:53:58.853 [main] DEBUG org.springframework.web.servlet.handler.BeanNameUrlHandlerMapping - Rejected bean name 'applicationEventMulticaster': no URL paths identified 
2017-11-13  15:53:58.853 [main] DEBUG org.springframework.web.servlet.handler.BeanNameUrlHandlerMapping - Rejected bean name 'servletContext': no URL paths identified 
2017-11-13  15:53:58.853 [main] DEBUG org.springframework.web.servlet.handler.BeanNameUrlHandlerMapping - Rejected bean name 'contextParameters': no URL paths identified 
2017-11-13  15:53:58.853 [main] DEBUG org.springframework.web.servlet.handler.BeanNameUrlHandlerMapping - Rejected bean name 'contextAttributes': no URL paths identified 
2017-11-13  15:53:58.865 [main] INFO  org.springframework.web.servlet.handler.SimpleUrlHandlerMapping - Mapped URL path [/webjars/**] onto handler of type [class org.springframework.web.servlet.resource.ResourceHttpRequestHandler] 
2017-11-13  15:53:58.866 [main] INFO  org.springframework.web.servlet.handler.SimpleUrlHandlerMapping - Mapped URL path [/**] onto handler of type [class org.springframework.web.servlet.resource.ResourceHttpRequestHandler] 
2017-11-13  15:53:58.878 [main] DEBUG o.s.web.servlet.mvc.method.annotation.ExceptionHandlerExceptionResolver - Looking for exception mappings: org.springframework.boot.context.embedded.AnnotationConfigEmbeddedWebApplicationContext@3e44f2a5: startup date [Mon Nov 13 15:53:55 CST 2017]; root of context hierarchy 
2017-11-13  15:53:58.902 [main] INFO  org.springframework.web.servlet.handler.SimpleUrlHandlerMapping - Mapped URL path [/**/favicon.ico] onto handler of type [class org.springframework.web.servlet.resource.ResourceHttpRequestHandler] 
2017-11-13  15:53:59.208 [main] DEBUG org.springframework.web.servlet.view.freemarker.FreeMarkerConfigurer - Template loader path [class path resource [templates/]] resolved to file path [C:\Users\wei.huang02\git\report\erpReport\target\classes\templates] 
2017-11-13  15:53:59.210 [main] INFO  org.springframework.web.servlet.view.freemarker.FreeMarkerConfigurer - ClassTemplateLoader for Spring macros added to FreeMarker configuration 
2017-11-13  15:53:59.461 [main] INFO  org.springframework.jmx.export.annotation.AnnotationMBeanExporter - Registering beans for JMX exposure on startup 
2017-11-13  15:53:59.469 [main] INFO  org.springframework.context.support.DefaultLifecycleProcessor - Starting beans in phase 2147483647 
2017-11-13  15:53:59.469 [main] INFO  org.springframework.scheduling.quartz.SchedulerFactoryBean - Starting Quartz Scheduler now 
2017-11-13  15:53:59.469 [main] INFO  org.quartz.core.QuartzScheduler - Scheduler schedulerFactoryBean_$_NON_CLUSTERED started. 
2017-11-13  15:53:59.473 [main] INFO  com.bqjr.report.job.SchedulerListener - scheduleJob begin  
2017-11-13  15:53:59.483 [main] DEBUG org.springframework.web.servlet.resource.ResourceUrlProvider - Looking for resource handler mappings 
2017-11-13  15:53:59.484 [main] DEBUG org.springframework.web.servlet.resource.ResourceUrlProvider - Found resource handler mapping: URL pattern="/**/favicon.ico", locations=[ServletContext resource [/], class path resource [META-INF/resources/], class path resource [resources/], class path resource [static/], class path resource [public/], class path resource []], resolvers=[org.springframework.web.servlet.resource.PathResourceResolver@19a5b637] 
2017-11-13  15:53:59.484 [main] DEBUG org.springframework.web.servlet.resource.ResourceUrlProvider - Found resource handler mapping: URL pattern="/webjars/**", locations=[class path resource [META-INF/resources/webjars/]], resolvers=[org.springframework.web.servlet.resource.PathResourceResolver@4f3c7808] 
2017-11-13  15:53:59.484 [main] DEBUG org.springframework.web.servlet.resource.ResourceUrlProvider - Found resource handler mapping: URL pattern="/**", locations=[ServletContext resource [/], class path resource [META-INF/resources/], class path resource [resources/], class path resource [static/], class path resource [public/]], resolvers=[org.springframework.web.servlet.resource.PathResourceResolver@4b4969ea] 
2017-11-13  15:53:59.538 [main] INFO  org.springframework.boot.context.embedded.tomcat.TomcatEmbeddedServletContainer - Tomcat started on port(s): 8080 (http) 
2017-11-13  15:53:59.538 [main] DEBUG org.springframework.web.context.support.StandardServletEnvironment - Adding PropertySource 'server.ports' with highest search precedence 
2017-11-13  15:53:59.541 [main] INFO  com.bqjr.report.ErpReportApplication - Started ErpReportApplication in 4.068 seconds (JVM running for 4.522) 
